Determining if the pthread_create exist failed with the following output:
Change Dir: /home/mark/Desktop/Projects/GameProject/libs/glfw/glfw-3.2.1/CMakeFiles/CMakeTmp

Run Build Command:"/usr/bin/make" "cmTC_c245d/fast"
/usr/bin/make -f CMakeFiles/cmTC_c245d.dir/build.make CMakeFiles/cmTC_c245d.dir/build
make[1]: Entering directory '/home/mark/Desktop/Projects/GameProject/libs/glfw/glfw-3.2.1/CMakeFiles/CMakeTmp'
Building C object CMakeFiles/cmTC_c245d.dir/CheckSymbolExists.c.o
/usr/bin/cc    -o CMakeFiles/cmTC_c245d.dir/CheckSymbolExists.c.o   -c /home/mark/Desktop/Projects/GameProject/libs/glfw/glfw-3.2.1/CMakeFiles/CMakeTmp/CheckSymbolExists.c
Linking C executable cmTC_c245d
/usr/bin/cmake -E cmake_link_script CMakeFiles/cmTC_c245d.dir/link.txt --verbose=1
/usr/bin/cc      -rdynamic CMakeFiles/cmTC_c245d.dir/CheckSymbolExists.c.o  -o cmTC_c245d 
CMakeFiles/cmTC_c245d.dir/CheckSymbolExists.c.o: In function `main':
CheckSymbolExists.c:(.text+0x1b): undefined reference to `pthread_create'
collect2: error: ld returned 1 exit status
CMakeFiles/cmTC_c245d.dir/build.make:97: recipe for target 'cmTC_c245d' failed
make[1]: *** [cmTC_c245d] Error 1
make[1]: Leaving directory '/home/mark/Desktop/Projects/GameProject/libs/glfw/glfw-3.2.1/CMakeFiles/CMakeTmp'
Makefile:126: recipe for target 'cmTC_c245d/fast' failed
make: *** [cmTC_c245d/fast] Error 2

File /home/mark/Desktop/Projects/GameProject/libs/glfw/glfw-3.2.1/CMakeFiles/CMakeTmp/CheckSymbolExists.c:
/* */
#include <pthread.h>

int main(int argc, char** argv)
{
  (void)argv;
#ifndef pthread_create
  return ((int*)(&pthread_create))[argc];
#else
  (void)argc;
  return 0;
#endif
}

Determining if the function pthread_create exists in the pthreads failed with the following output:
Change Dir: /home/mark/Desktop/Projects/GameProject/libs/glfw/glfw-3.2.1/CMakeFiles/CMakeTmp

Run Build Command:"/usr/bin/make" "cmTC_1cc46/fast"
/usr/bin/make -f CMakeFiles/cmTC_1cc46.dir/build.make CMakeFiles/cmTC_1cc46.dir/build
make[1]: Entering directory '/home/mark/Desktop/Projects/GameProject/libs/glfw/glfw-3.2.1/CMakeFiles/CMakeTmp'
Building C object CMakeFiles/cmTC_1cc46.dir/CheckFunctionExists.c.o
/usr/bin/cc   -DCHECK_FUNCTION_EXISTS=pthread_create   -o CMakeFiles/cmTC_1cc46.dir/CheckFunctionExists.c.o   -c /usr/share/cmake-3.10/Modules/CheckFunctionExists.c
Linking C executable cmTC_1cc46
/usr/bin/cmake -E cmake_link_script CMakeFiles/cmTC_1cc46.dir/link.txt --verbose=1
/usr/bin/cc  -DCHECK_FUNCTION_EXISTS=pthread_create    -rdynamic CMakeFiles/cmTC_1cc46.dir/CheckFunctionExists.c.o  -o cmTC_1cc46 -lpthreads 
/usr/bin/ld: cannot find -lpthreads
collect2: error: ld returned 1 exit status
CMakeFiles/cmTC_1cc46.dir/build.make:97: recipe for target 'cmTC_1cc46' failed
make[1]: *** [cmTC_1cc46] Error 1
make[1]: Leaving directory '/home/mark/Desktop/Projects/GameProject/libs/glfw/glfw-3.2.1/CMakeFiles/CMakeTmp'
Makefile:126: recipe for target 'cmTC_1cc46/fast' failed
make: *** [cmTC_1cc46/fast] Error 2


